2025-03-09 11:22:05 0 [Note] Starting MariaDB 10.4.32-MariaDB source revision c4143f909528e3fab0677a28631d10389354c491 as process 23696
2025-03-09 11:22:05 0 [Note] InnoDB: Mutexes and rw_locks use Windows interlocked functions
2025-03-09 11:22:05 0 [Note] InnoDB: Uses event mutexes
2025-03-09 11:22:05 0 [Note] InnoDB: Compressed tables use zlib 1.3
2025-03-09 11:22:05 0 [Note] InnoDB: Number of pools: 1
2025-03-09 11:22:05 0 [Note] InnoDB: Using SSE2 crc32 instructions
2025-03-09 11:22:05 0 [Note] InnoDB: Initializing buffer pool, total size = 16M, instances = 1, chunk size = 16M
2025-03-09 11:22:05 0 [Note] InnoDB: Completed initialization of buffer pool
2025-03-09 11:22:05 0 [Note] InnoDB: Setting log file C:\xampp\mysql\data\ib_logfile101 size to 5242880 bytes
2025-03-09 11:22:05 0 [Note] InnoDB: Setting log file C:\xampp\mysql\data\ib_logfile1 size to 5242880 bytes
2025-03-09 11:22:05 0 [Note] InnoDB: Renaming log file C:\xampp\mysql\data\ib_logfile101 to C:\xampp\mysql\data\ib_logfile0
2025-03-09 11:22:05 0 [Note] InnoDB: New log files created, LSN=1502272
2025-03-09 11:22:05 0 [Note] InnoDB: 128 out of 128 rollback segments are active.
2025-03-09 11:22:05 0 [Note] InnoDB: Creating shared tablespace for temporary tables
2025-03-09 11:22:05 0 [Note] InnoDB: Setting file 'C:\xampp\mysql\data\ibtmp1' size to 12 MB. Physically writing the file full; Please wait ...
2025-03-09 11:22:05 0 [Note] InnoDB: File 'C:\xampp\mysql\data\ibtmp1' size is now 12 MB.
2025-03-09 11:22:05 0 [Note] InnoDB: 10.4.32 started; log sequence number 1502732; transaction id 23023
2025-03-09 11:22:05 1 [ERROR] InnoDB: Page [page id: space=355, page number=0] log sequence number 3799820 is in the future! Current system log sequence number 1502741.
2025-03-09 11:22:05 0 [Note] InnoDB: Loading buffer pool(s) from C:\xampp\mysql\data\ib_buffer_pool
2025-03-09 11:22:05 1 [ERROR] InnoDB: Your database may be corrupt or you may have copied the InnoDB tablespace but not the InnoDB log files. Please refer to https://mariadb.com/kb/en/library/innodb-recovery-modes/ for information about forcing recovery.
2025-03-09 11:22:05 0 [Note] Plugin 'FEEDBACK' is disabled.
2025-03-09 11:22:05 0 [Note] InnoDB: Cannot open 'C:\xampp\mysql\data\ib_buffer_pool' for reading: No such file or directory
2025-03-09 11:22:05 1 [ERROR] InnoDB: Page [page id: space=355, page number=1] log sequence number 3799490 is in the future! Current system log sequence number 1502741.
2025-03-09 11:22:05 0 [Note] Zerofilling moved table:  '.\mysql\servers'
2025-03-09 11:22:05 1 [ERROR] InnoDB: Your database may be corrupt or you may have copied the InnoDB tablespace but not the InnoDB log files. Please refer to https://mariadb.com/kb/en/library/innodb-recovery-modes/ for information about forcing recovery.
2025-03-09 11:22:05 4 [ERROR] InnoDB: Page [page id: space=353, page number=0] log sequence number 3720352 is in the future! Current system log sequence number 1502741.
2025-03-09 11:22:05 0 [Note] Server socket created on IP: '::'.
2025-03-09 11:22:05 4 [ERROR] InnoDB: Your database may be c2025-03-09 11:22:07 0 [Note] Starting MariaDB 10.4.32-MariaDB source revision c4143f909528e3fab0677a28631d10389354c491 as process 23008
2025-03-09 11:22:07 0 [Note] InnoDB: Mutexes and rw_locks use Windows interlocked functions
2025-03-09 11:22:07 0 [Note] InnoDB: Uses event mutexes
2025-03-09 11:22:07 0 [Note] InnoDB: Compressed tables use zlib 1.3
2025-03-09 11:22:07 0 [Note] InnoDB: Number of pools: 1
2025-03-09 11:22:07 0 [Note] InnoDB: Using SSE2 crc32 instructions
2025-03-09 11:22:07 0 [Note] InnoDB: Initializing buffer pool, total size = 16M, instances = 1, chunk size = 16M
2025-03-09 11:22:07 0 [Note] InnoDB: Completed initialization of buffer pool
2025-03-09 11:22:07 0 [Note] InnoDB: The log sequence number 1502272 in the system tablespace does not match the log sequence number 1502732 in the ib_logfiles!
2025-03-09 11:22:07 0 [Note] InnoDB: 128 out of 128 rollback segments are active.
2025-03-09 11:22:07 0 [Note] InnoDB: Removed temporary tablespace data file: "ibtmp1"
2025-03-09 11:22:07 0 [Note] InnoDB: Creating shared tablespace for temporary tables
2025-03-09 11:22:07 0 [Note] InnoDB: Setting file 'C:\xampp\mysql\data\ibtmp1' size to 12 MB. Physically writing the file full; Please wait ...
2025-03-09 11:22:07 0 [Note] InnoDB: File 'C:\xampp\mysql\data\ibtmp1' size is now 12 MB.
2025-03-09 11:22:07 0 [Note] InnoDB: 10.4.32 started; log sequence number 1502732; transaction id 23023
2025-03-09 11:22:07 1 [ERROR] InnoDB: Page [page id: space=355, page number=0] log sequence number 3799820 is in the future! Current system log sequence number 1502741.
2025-03-09 11:22:07 0 [Note] InnoDB: Loading buffer pool(s) from C:\xampp\mysql\data\ib_buffer_pool
2025-03-09 11:22:07 1 [ERROR] InnoDB: Your database may be corrupt or you may have copied the InnoDB tablespace but not the InnoDB log files. Please refer to https://mariadb.com/kb/en/library/innodb-recovery-modes/ for information about forcing recovery.
2025-03-09 11:22:07 0 [Note] InnoDB: Cannot open 'C:\xampp\mysql\data\ib_buffer_pool' for reading: No such file or directory
2025-03-09 11:22:07 0 [Note] Plugin 'FEEDBACK' is disabled.
2025-03-09 11:22:07 1 [ERROR] InnoDB: Page [page id: space=355, page number=1] log sequence number 3799490 is in the future! Current system log sequence number 1502741.
2025-03-09 11:22:07 1 [ERROR] InnoDB: Your database may be corrupt or you may have copied the InnoDB tablespace but not the InnoDB log files. Please refer to https://mariadb.com/kb/en/library/innodb-recovery-modes/ for information about forcing recovery.
2025-03-09 11:22:07 0 [Note] Server socket created on IP: '::'.
2025-03-09 11:22:07 4 [ERROR] InnoDB: Page [page id: space=353, page number=0] lo2025-03-09 11:22:22 0 [Note] Starting MariaDB 10.4.32-MariaDB source revision c4143f909528e3fab0677a28631d10389354c491 as process 21880
2025-03-09 11:22:22 0 [Note] InnoDB: Mutexes and rw_locks use Windows interlocked functions
2025-03-09 11:22:22 0 [Note] InnoDB: Uses event mutexes
2025-03-09 11:22:22 0 [Note] InnoDB: Compressed tables use zlib 1.3
2025-03-09 11:22:22 0 [Note] InnoDB: Number of pools: 1
2025-03-09 11:22:22 0 [Note] InnoDB: Using SSE2 crc32 instructions
2025-03-09 11:22:22 0 [Note] InnoDB: Initializing buffer pool, total size = 16M, instances = 1, chunk size = 16M
2025-03-09 11:22:22 0 [Note] InnoDB: Completed initialization of buffer pool
2025-03-09 11:22:22 0 [Note] InnoDB: The log sequence number 1502272 in the system tablespace does not match the log sequence number 1502732 in the ib_logfiles!
2025-03-09 11:22:22 0 [Note] InnoDB: 128 out of 128 rollback segments are active.
2025-03-09 11:22:22 0 [Note] InnoDB: Removed temporary tablespace data file: "ibtmp1"
2025-03-09 11:22:22 0 [Note] InnoDB: Creating shared tablespace for temporary tables
2025-03-09 11:22:22 0 [Note] InnoDB: Setting file 'C:\xampp\mysql\data\ibtmp1' size to 12 MB. Physically writing the file full; Please wait ...
2025-03-09 11:22:22 0 [Note] InnoDB: File 'C:\xampp\mysql\data\ibtmp1' size is now 12 MB.
2025-03-09 11:22:22 0 [Note] InnoDB: 10.4.32 started; log sequence number 1502732; transaction id 23023
2025-03-09 11:22:22 1 [ERROR] InnoDB: Page [page id: space=355, page number=0] log sequence number 3799820 is in the future! Current system log sequence number 1502741.
2025-03-09 11:22:22 0 [Note] InnoDB: Loading buffer pool(s) from C:\xampp\mysql\data\ib_buffer_pool
2025-03-09 11:22:22 1 [ERROR] InnoDB: Your database may be corrupt or you may have copied the InnoDB tablespace but not the InnoDB log files. Please refer to https://mariadb.com/kb/en/library/innodb-recovery-modes/ for information about forcing recovery.
2025-03-09 11:22:22 0 [Note] Plugin 'FEEDBACK' is disabled.
2025-03-09 11:22:22 0 [Note] InnoDB: Cannot open 'C:\xampp\mysql\data\ib_buffer_pool' for reading: No such file or directory
2025-03-09 11:22:22 1 [ERROR] InnoDB: Page [page id: space=355, page number=1] log sequence number 3799490 is in the future! Current system log sequence number 1502741.
2025-03-09 11:22:22 0 [Note] Server socket created on IP: '::'.
2025-03-09 11:22:22 1 [ERROR] InnoDB: Your database may be corrupt or you may have co2025-03-09 11:22:26 0 [Note] Starting MariaDB 10.4.32-MariaDB source revision c4143f909528e3fab0677a28631d10389354c491 as process 23308
2025-03-09 11:22:26 0 [Note] InnoDB: Mutexes and rw_locks use Windows interlocked functions
2025-03-09 11:22:26 0 [Note] InnoDB: Uses event mutexes
2025-03-09 11:22:26 0 [Note] InnoDB: Compressed tables use zlib 1.3
2025-03-09 11:22:26 0 [Note] InnoDB: Number of pools: 1
2025-03-09 11:22:26 0 [Note] InnoDB: Using SSE2 crc32 instructions
2025-03-09 11:22:26 0 [Note] InnoDB: Initializing buffer pool, total size = 16M, instances = 1, chunk size = 16M
2025-03-09 11:22:26 0 [Note] InnoDB: Completed initialization of buffer pool
2025-03-09 11:22:26 0 [Note] InnoDB: The log sequence number 1502272 in the system tablespace does not match the log sequence number 1502732 in the ib_logfiles!
2025-03-09 11:22:26 0 [Note] InnoDB: 128 out of 128 rollback segments are active.
2025-03-09 11:22:26 0 [Note] InnoDB: Removed temporary tablespace data file: "ibtmp1"
2025-03-09 11:22:26 0 [Note] InnoDB: Creating shared tablespace for temporary tables
2025-03-09 11:22:26 0 [Note] InnoDB: Setting file 'C:\xampp\mysql\data\ibtmp1' size to 12 MB. Physically writing the file full; Please wait ...
2025-03-09 11:22:26 0 [Note] InnoDB: File 'C:\xampp\mysql\data\ibtmp1' size is now 12 MB.
2025-03-09 11:22:26 0 [Note] InnoDB: 10.4.32 started; log sequence number 1502732; transaction id 23023
2025-03-09 11:22:26 1 [ERROR] InnoDB: Page [page id: space=355, page number=0] log sequence number 3799820 is in the future! Current system log sequence number 1502741.
2025-03-09 11:22:26 0 [Note] InnoDB: Loading buffer pool(s) from C:\xampp\mysql\data\ib_buffer_pool
2025-03-09 11:22:26 1 [ERROR] InnoDB: Your database may be corrupt or you may have copied the InnoDB tablespace but not the InnoDB log files. Please refer to https://mariadb.com/kb/en/library/innodb-recovery-modes/ for information about forcing recovery.
2025-03-09 11:22:26 0 [Note] Plugin 'FEEDBACK' is disabled.
2025-03-09 11:22:26 0 [Note] InnoDB: Cannot open 'C:\xampp\mysql\data\ib_buffer_pool' for reading: No such file or directory
2025-03-09 11:22:26 1 [ERROR] InnoDB: Page [page id: space=355, page number=1] log sequence number 3799490 is in the future! Current system log sequence number 1502741.
2025-03-09 11:22:26 0 [Note] Server socket created on IP: '::'.
2025-03-09 11:22:26 1 [ERROR] InnoDB: Your database may be cor2025-03-09 17:25:18 0 [Note] Starting MariaDB 10.4.32-MariaDB source revision c4143f909528e3fab0677a28631d10389354c491 as process 9064
2025-03-09 17:25:18 0 [Note] InnoDB: Mutexes and rw_locks use Windows interlocked functions
2025-03-09 17:25:18 0 [Note] InnoDB: Uses event mutexes
2025-03-09 17:25:18 0 [Note] InnoDB: Compressed tables use zlib 1.3
2025-03-09 17:25:18 0 [Note] InnoDB: Number of pools: 1
2025-03-09 17:25:18 0 [Note] InnoDB: Using SSE2 crc32 instructions
2025-03-09 17:25:18 0 [Note] InnoDB: Initializing buffer pool, total size = 16M, instances = 1, chunk size = 16M
2025-03-09 17:25:18 0 [Note] InnoDB: Completed initialization of buffer pool
2025-03-09 17:25:18 0 [Note] InnoDB: Starting crash recovery from checkpoint LSN=1504629
2025-03-09 17:25:18 0 [Note] InnoDB: 128 out of 128 rollback segments are active.
2025-03-09 17:25:18 0 [Note] InnoDB: Removed temporary tablespace data file: "ibtmp1"
2025-03-09 17:25:18 0 [Note] InnoDB: Creating shared tablespace for temporary tables
2025-03-09 17:25:18 0 [Note] InnoDB: Setting file 'C:\xampp\mysql\data\ibtmp1' size to 12 MB. Physically writing the file full; Please wait ...
2025-03-09 17:25:18 0 [Note] InnoDB: File 'C:\xampp\mysql\data\ibtmp1' size is now 12 MB.
2025-03-09 17:25:18 0 [Note] InnoDB: 10.4.32 started; log sequence number 1504638; transaction id 23084
2025-03-09 17:25:18 0 [Note] InnoDB: Loading buffer pool(s) from C:\xampp\mysql\data\ib_buffer_pool
2025-03-09 17:25:18 0 [Note] InnoDB: Cannot open 'C:\xampp\mysql\data\ib_buffer_pool' for reading: No such file or directory
2025-03-09 17:25:18 0 [Note] Plugin 'FEEDBACK' is disabled.
2025-03-09 17:25:18 0 [Note] Server socket created on IP: '::'.
2025-03-09 17:25:38 0 [Note] Starting MariaDB 10.4.32-MariaDB source revision c4143f909528e3fab0677a28631d10389354c491 as process 4960
2025-03-09 17:25:38 0 [Note] InnoDB: Mutexes and rw_locks use Windows interlocked functions
2025-03-09 17:25:38 0 [Note] InnoDB: Uses event mutexes
2025-03-09 17:25:38 0 [Note] InnoDB: Compressed tables use zlib 1.3
2025-03-09 17:25:38 0 [Note] InnoDB: Number of pools: 1
2025-03-09 17:25:38 0 [Note] InnoDB: Using SSE2 crc32 instructions
2025-03-09 17:25:38 0 [Note] InnoDB: Initializing buffer pool, total size = 16M, instances = 1, chunk size = 16M
2025-03-09 17:25:38 0 [Note] InnoDB: Completed initialization of buffer pool
2025-03-09 17:25:38 0 [Note] InnoDB: Starting crash recovery from checkpoint LSN=1504629
2025-03-09 17:25:39 0 [Note] InnoDB: 128 out of 128 rollback segments are active.
2025-03-09 17:25:39 0 [Note] InnoDB: Removed temporary tablespace data file: "ibtmp1"
2025-03-09 17:25:39 0 [Note] InnoDB: Creating shared tablespace for temporary tables
2025-03-09 17:25:39 0 [Note] InnoDB: Setting file 'C:\xampp\mysql\data\ibtmp1' size to 12 MB. Physically writing the file full; Please wait ...
2025-03-09 17:25:39 0 [Note] InnoDB: File 'C:\xampp\mysql\data\ibtmp1' size is now 12 MB.
2025-03-09 17:25:39 0 [Note] InnoDB: Waiting for purge to start
2025-03-09 17:25:39 0 [Note] InnoDB: 10.4.32 started; log sequence number 1504638; transaction id 23084
2025-03-09 17:25:39 0 [Note] InnoDB: Loading buffer pool(s) from C:\xampp\mysql\data\ib_buffer_pool
2025-03-09 17:25:39 0 [Note] InnoDB: Cannot open 'C:\xampp\mysql\data\ib_buffer_pool' for reading: No such file or directory
2025-03-09 17:25:39 0 [Note] Plugin 'FEEDBACK' is disabled.
2025-03-09 17:25:39 0 [Note] Server socket created on IP: '::'.
2025-03-09 17:25:49 0 [Note] Starting MariaDB 10.4.32-MariaDB source revision c4143f909528e3fab0677a28631d10389354c491 as process 16984
2025-03-09 17:25:49 0 [Note] InnoDB: Mutexes and rw_locks use Windows interlocked functions
2025-03-09 17:25:49 0 [Note] InnoDB: Uses event mutexes
2025-03-09 17:25:49 0 [Note] InnoDB: Compressed tables use zlib 1.3
2025-03-09 17:25:49 0 [Note] InnoDB: Number of pools: 1
2025-03-09 17:25:49 0 [Note] InnoDB: Using SSE2 crc32 instructions
2025-03-09 17:25:49 0 [Note] InnoDB: Initializing buffer pool, total size = 16M, instances = 1, chunk size = 16M
2025-03-09 17:25:49 0 [Note] InnoDB: Completed initialization of buffer pool
2025-03-09 17:25:49 0 [Note] InnoDB: Starting crash recovery from checkpoint LSN=1504647
2025-03-09 17:25:49 0 [Note] InnoDB: 128 out of 128 rollback segments are active.
2025-03-09 17:25:49 0 [Note] InnoDB: Removed temporary tablespace data file: "ibtmp1"
2025-03-09 17:25:49 0 [Note] InnoDB: Creating shared tablespace for temporary tables
2025-03-09 17:25:49 0 [Note] InnoDB: Setting file 'C:\xampp\mysql\data\ibtmp1' size to 12 MB. Physically writing the file full; Please wait ...
2025-03-09 17:25:49 0 [Note] InnoDB: File 'C:\xampp\mysql\data\ibtmp1' size is now 12 MB.
2025-03-09 17:25:49 0 [Note] InnoDB: 10.4.32 started; log sequence number 1504656; transaction id 23084
2025-03-09 17:25:49 0 [Note] InnoDB: Loading buffer pool(s) from C:\xampp\mysql\data\ib_buffer_pool
2025-03-09 17:25:49 0 [Note] InnoDB: Cannot open 'C:\xampp\mysql\data\ib_buffer_pool' for reading: No such file or directory
2025-03-09 17:25:49 0 [Note] Plugin 'FEEDBACK' is disabled.
2025-03-09 17:25:49 0 [Note] Server socket created on IP: '::'.
2025-03-10 12:07:01 0 [Note] Starting MariaDB 10.4.32-MariaDB source revision c4143f909528e3fab0677a28631d10389354c491 as process 18932
2025-03-10 12:07:01 0 [Note] InnoDB: Mutexes and rw_locks use Windows interlocked functions
2025-03-10 12:07:01 0 [Note] InnoDB: Uses event mutexes
2025-03-10 12:07:01 0 [Note] InnoDB: Compressed tables use zlib 1.3
2025-03-10 12:07:01 0 [Note] InnoDB: Number of pools: 1
2025-03-10 12:07:01 0 [Note] InnoDB: Using SSE2 crc32 instructions
2025-03-10 12:07:01 0 [Note] InnoDB: Initializing buffer pool, total size = 16M, instances = 1, chunk size = 16M
2025-03-10 12:07:01 0 [Note] InnoDB: Completed initialization of buffer pool
2025-03-10 12:07:01 0 [Note] InnoDB: Starting crash recovery from checkpoint LSN=1575310
2025-03-10 12:07:01 0 [Note] InnoDB: 128 out of 128 rollback segments are active.
2025-03-10 12:07:01 0 [Note] InnoDB: Removed temporary tablespace data file: "ibtmp1"
2025-03-10 12:07:01 0 [Note] InnoDB: Creating shared tablespace for temporary tables
2025-03-10 12:07:01 0 [Note] InnoDB: Setting file 'C:\xampp\mysql\data\ibtmp1' size to 12 MB. Physically writing the file full; Please wait ...
2025-03-10 12:07:01 0 [Note] InnoDB: File 'C:\xampp\mysql\data\ibtmp1' size is now 12 MB.
2025-03-10 12:07:01 0 [Note] InnoDB: Waiting for purge to start
2025-03-10 12:07:01 0 [Note] InnoDB: 10.4.32 started; log sequence number 1575319; transaction id 23400
2025-03-10 12:07:01 0 [Note] InnoDB: Loading buffer pool(s) from C:\xampp\mysql\data\ib_buffer_pool
2025-03-10 12:07:01 0 [Note] InnoDB: Cannot open 'C:\xampp\mysql\data\ib_buffer_pool' for reading: No such file or directory
2025-03-10 12:07:01 0 [Note] Plugin 'FEEDBACK' is disabled.
2025-03-10 12:07:01 0 [Note] Server socket created on IP: '::'.
2025-03-12 21:28:56 0 [Note] Starting MariaDB 10.4.32-MariaDB source revision c4143f909528e3fab0677a28631d10389354c491 as process 18328
2025-03-12 21:28:56 0 [Note] InnoDB: Mutexes and rw_locks use Windows interlocked functions
2025-03-12 21:28:56 0 [Note] InnoDB: Uses event mutexes
2025-03-12 21:28:56 0 [Note] InnoDB: Compressed tables use zlib 1.3
2025-03-12 21:28:56 0 [Note] InnoDB: Number of pools: 1
2025-03-12 21:28:56 0 [Note] InnoDB: Using SSE2 crc32 instructions
2025-03-12 21:28:56 0 [Note] InnoDB: Initializing buffer pool, total size = 16M, instances = 1, chunk size = 16M
2025-03-12 21:28:56 0 [Note] InnoDB: Completed initialization of buffer pool
2025-03-12 21:28:56 0 [Note] InnoDB: Starting crash recovery from checkpoint LSN=1585053
2025-03-12 21:28:57 0 [Note] InnoDB: 128 out of 128 rollback segments are active.
2025-03-12 21:28:57 0 [Note] InnoDB: Removed temporary tablespace data file: "ibtmp1"
2025-03-12 21:28:57 0 [Note] InnoDB: Creating shared tablespace for temporary tables
2025-03-12 21:28:57 0 [Note] InnoDB: Setting file 'C:\xampp\mysql\data\ibtmp1' size to 12 MB. Physically writing the file full; Please wait ...
2025-03-12 21:28:57 0 [Note] InnoDB: File 'C:\xampp\mysql\data\ibtmp1' size is now 12 MB.
2025-03-12 21:28:57 0 [Note] InnoDB: Waiting for purge to start
2025-03-12 21:28:57 0 [Note] InnoDB: 10.4.32 started; log sequence number 1585062; transaction id 23516
2025-03-12 21:28:57 2 [ERROR] InnoDB: Page [page id: space=305, page number=0] log sequence number 3311846 is in the future! Current system log sequence number 1585071.
2025-03-12 21:28:57 2 [ERROR] InnoDB: Your database may be corrupt or you may have copied the InnoDB tablespace but not the InnoDB log files. Please refer to https://mariadb.com/kb/en/library/innodb-recovery-modes/ for information about forcing recovery.
2025-03-12 21:28:57 2 [ERROR] InnoDB: Page [page id: space=305, page number=6] log sequence number 3311679 is in the future! Current system log sequence number 1585071.
2025-03-12 21:28:57 2 [ERROR] InnoDB: Your database may be corrupt or you may have copied the InnoDB tablespace but not the InnoDB log files. Please refer to https://mariadb.com/kb/en/library/innodb-recovery-modes/ for information about forcing recovery.
2025-03-12 21:28:57 0 [Note] InnoDB: Loading buffer pool(s) from C:\xampp\mysql\data\ib_buffer_pool
2025-03-12 21:28:57 0 [Note] InnoDB: Cannot open 'C:\xampp\mysql\data\ib_buffer_pool' for reading: No such file or directory
2025-03-12 21:28:57 0 [Note] Plugin 'FEEDBACK' is disabled.
2025-03-12 21:28:57 0 [Note] Server socket created on IP: '::'.
2025-03-12 21:28:57 2 [ERROR] InnoDB: Page [page id: space=355, page number=0] log sequence number 3799820 is in the future! Current system log sequence number 1585071.
2025-03-12 21:28:57 2 [ERROR] InnoDB: Your database may be corrupt or you may have copied the InnoDB tablespace but not the InnoDB log files. Please refer to https://mariadb.com/kb/en/library/innodb-recovery-modes/ for information about forcing recovery.
2025-03-12 21:28:57 2 [ERROR] InnoDB: Page [page id: space=355, page number=1] log sequence number 3799490 is in the future! Current system log sequence number 1585071.
2025-03-12 21:28:57 2 [ERROR] InnoDB: Your database may be corrupt or you may have copied the InnoDB tablespace but not the InnoDB log files. Please refer to https://mariadb.com/kb/en/library/innodb-recovery-modes/ for information about forcing recovery.
